<?xml version="1.0" encoding="UTF-8"?>
<testsuite xmlns:xsi="http://www.w3.org/2001/XMLSchema-instance" xsi:noNamespaceSchemaLocation="https://maven.apache.org/surefire/maven-surefire-plugin/xsd/surefire-test-report.xsd" version="3.0.2" name="binarySearchTreeTest.BinarySearchTreeTest$InsertTests" time="0.009" tests="6" errors="0" skipped="0" failures="0">
  <properties>
[...]
</properties>
  <testcase name="BinarySearchTreeInsertInicialmenteNull" classname="binarySearchTreeTest.BinarySearchTreeTest$InsertTests" time="0.0"/>
  <testcase name="BinarySearchTreeInsertValorMayorSobreArbol" classname="binarySearchTreeTest.BinarySearchTreeTest$InsertTests" time="0.001"/>
  <testcase name="BinarySearchTreeInsertValorMenorSobreArbol" classname="binarySearchTreeTest.BinarySearchTreeTest$InsertTests" time="0.001"/>
  <testcase name="BinarySearchTreeInsertValorMayorSobreHoja" classname="binarySearchTreeTest.BinarySearchTreeTest$InsertTests" time="0.001"/>
  <testcase name="BinarySearchTreeInsertNull" classname="binarySearchTreeTest.BinarySearchTreeTest$InsertTests" time="0.002"/>
  <testcase name="BinarySearchTreeInsertValorMenorSobreHoja" classname="binarySearchTreeTest.BinarySearchTreeTest$InsertTests" time="0.001"/>
</testsuite>